c:\users\gmjoy\documents\_uh\semester 7\ece 4335 - senior design 1\programming\deconvolutioncpp_ver01\deconvol.b36dc879\x64\debug\vc143.pdb
c:\users\gmjoy\documents\_uh\semester 7\ece 4335 - senior design 1\programming\deconvolutioncpp_ver01\deconvol.b36dc879\x64\debug\vc143.idb
c:\users\gmjoy\documents\_uh\semester 7\ece 4335 - senior design 1\programming\deconvolutioncpp_ver01\deconvol.b36dc879\x64\debug\main.obj
c:\users\gmjoy\documents\_uh\semester 7\ece 4335 - senior design 1\programming\deconvolutioncpp_ver01\deconvol.b36dc879\x64\debug\deconvolutioncpp_ver01.ilk
c:\users\gmjoy\documents\_uh\semester 7\ece 4335 - senior design 1\programming\deconvolutioncpp_ver01\x64\debug\deconvolutioncpp_ver01.pdb
c:\users\gmjoy\documents\_uh\semester 7\ece 4335 - senior design 1\programming\deconvolutioncpp_ver01\deconvol.b36dc879\x64\debug\deconvol.b36dc879.tlog\cl.command.1.tlog
c:\users\gmjoy\documents\_uh\semester 7\ece 4335 - senior design 1\programming\deconvolutioncpp_ver01\deconvol.b36dc879\x64\debug\deconvol.b36dc879.tlog\cl.items.tlog
c:\users\gmjoy\documents\_uh\semester 7\ece 4335 - senior design 1\programming\deconvolutioncpp_ver01\deconvol.b36dc879\x64\debug\deconvol.b36dc879.tlog\cl.read.1.tlog
c:\users\gmjoy\documents\_uh\semester 7\ece 4335 - senior design 1\programming\deconvolutioncpp_ver01\deconvol.b36dc879\x64\debug\deconvol.b36dc879.tlog\cl.write.1.tlog
c:\users\gmjoy\documents\_uh\semester 7\ece 4335 - senior design 1\programming\deconvolutioncpp_ver01\deconvol.b36dc879\x64\debug\deconvol.b36dc879.tlog\link-cvtres.read.1.tlog
c:\users\gmjoy\documents\_uh\semester 7\ece 4335 - senior design 1\programming\deconvolutioncpp_ver01\deconvol.b36dc879\x64\debug\deconvol.b36dc879.tlog\link-cvtres.write.1.tlog
c:\users\gmjoy\documents\_uh\semester 7\ece 4335 - senior design 1\programming\deconvolutioncpp_ver01\deconvol.b36dc879\x64\debug\deconvol.b36dc879.tlog\link-rc.read.1.tlog
c:\users\gmjoy\documents\_uh\semester 7\ece 4335 - senior design 1\programming\deconvolutioncpp_ver01\deconvol.b36dc879\x64\debug\deconvol.b36dc879.tlog\link-rc.write.1.tlog
c:\users\gmjoy\documents\_uh\semester 7\ece 4335 - senior design 1\programming\deconvolutioncpp_ver01\deconvol.b36dc879\x64\debug\deconvol.b36dc879.tlog\link.35788-cvtres.read.1.tlog
c:\users\gmjoy\documents\_uh\semester 7\ece 4335 - senior design 1\programming\deconvolutioncpp_ver01\deconvol.b36dc879\x64\debug\deconvol.b36dc879.tlog\link.35788-cvtres.write.1.tlog
c:\users\gmjoy\documents\_uh\semester 7\ece 4335 - senior design 1\programming\deconvolutioncpp_ver01\deconvol.b36dc879\x64\debug\deconvol.b36dc879.tlog\link.35788-rc.read.1.tlog
c:\users\gmjoy\documents\_uh\semester 7\ece 4335 - senior design 1\programming\deconvolutioncpp_ver01\deconvol.b36dc879\x64\debug\deconvol.b36dc879.tlog\link.35788-rc.write.1.tlog
c:\users\gmjoy\documents\_uh\semester 7\ece 4335 - senior design 1\programming\deconvolutioncpp_ver01\deconvol.b36dc879\x64\debug\deconvol.b36dc879.tlog\link.35788.read.1.tlog
c:\users\gmjoy\documents\_uh\semester 7\ece 4335 - senior design 1\programming\deconvolutioncpp_ver01\deconvol.b36dc879\x64\debug\deconvol.b36dc879.tlog\link.35788.read.2.tlog
c:\users\gmjoy\documents\_uh\semester 7\ece 4335 - senior design 1\programming\deconvolutioncpp_ver01\deconvol.b36dc879\x64\debug\deconvol.b36dc879.tlog\link.35788.read.3.tlog
c:\users\gmjoy\documents\_uh\semester 7\ece 4335 - senior design 1\programming\deconvolutioncpp_ver01\deconvol.b36dc879\x64\debug\deconvol.b36dc879.tlog\link.35788.read.4.tlog
c:\users\gmjoy\documents\_uh\semester 7\ece 4335 - senior design 1\programming\deconvolutioncpp_ver01\deconvol.b36dc879\x64\debug\deconvol.b36dc879.tlog\link.35788.write.1.tlog
c:\users\gmjoy\documents\_uh\semester 7\ece 4335 - senior design 1\programming\deconvolutioncpp_ver01\deconvol.b36dc879\x64\debug\deconvol.b36dc879.tlog\link.command.1.tlog
c:\users\gmjoy\documents\_uh\semester 7\ece 4335 - senior design 1\programming\deconvolutioncpp_ver01\deconvol.b36dc879\x64\debug\deconvol.b36dc879.tlog\link.read.1.tlog
c:\users\gmjoy\documents\_uh\semester 7\ece 4335 - senior design 1\programming\deconvolutioncpp_ver01\deconvol.b36dc879\x64\debug\deconvol.b36dc879.tlog\link.read.2.tlog
c:\users\gmjoy\documents\_uh\semester 7\ece 4335 - senior design 1\programming\deconvolutioncpp_ver01\deconvol.b36dc879\x64\debug\deconvol.b36dc879.tlog\link.read.3.tlog
c:\users\gmjoy\documents\_uh\semester 7\ece 4335 - senior design 1\programming\deconvolutioncpp_ver01\deconvol.b36dc879\x64\debug\deconvol.b36dc879.tlog\link.read.4.tlog
c:\users\gmjoy\documents\_uh\semester 7\ece 4335 - senior design 1\programming\deconvolutioncpp_ver01\deconvol.b36dc879\x64\debug\deconvol.b36dc879.tlog\link.secondary.1.tlog
c:\users\gmjoy\documents\_uh\semester 7\ece 4335 - senior design 1\programming\deconvolutioncpp_ver01\deconvol.b36dc879\x64\debug\deconvol.b36dc879.tlog\link.write.1.tlog
